#
# A fatal error has been detected by the Java Runtime Environment:
#
#  SIGSEGV (0xb) at pc=0x00007fff84632fc9, pid=2313, tid=27411
#
# JRE version: Java(TM) SE Runtime Environment (8.0_40-b27) (build 1.8.0_40-b27)
# Java VM: Java HotSpot(TM) 64-Bit Server VM (25.40-b25 mixed mode bsd-amd64 compressed oops)
# Problematic frame:
# C  [libsystem_platform.dylib+0x4fc9]  _platform_memmove$VARIANT$Unknown+0x29
#
# Failed to write core dump. Core dumps have been disabled. To enable core dumping, try "ulimit -c unlimited" before starting Java again
#
# If you would like to submit a bug report, please visit:
#   http://bugreport.java.com/bugreport/crash.jsp
# The crash happened outside the Java Virtual Machine in native code.
# See problematic frame for where to report the bug.
#

---------------  T H R E A D  ---------------

Current thread (0x00007fc6bbe1a800):  JavaThread "1711143947@qtp-183521033-8" [_thread_in_native, id=27411, stack(0x00000001310ba000,0x00000001311ba000)]

siginfo: si_signo: 11 (SIGSEGV), si_code: 1 (SEGV_MAPERR), si_addr: 0x000000012d859000

Registers:
RAX=0x00007fc6b4d6e402, RBX=0x000000012d84b999, RCX=0x0000000000003845, RDX=0x000000000000f57e
RSP=0x00000001311b6b80, RBP=0x00000001311b6b80, RSI=0x000000012d859000, RDI=0x00007fc6b4d7a13b
R8 =0x0000000000000000, R9 =0x0000000000000005, R10=0x0000000068142c92, R11=0x00007fc58752113b
R12=0x000000000a031402, R13=0x000000002b000010, R14=0x0000000008080000, R15=0x000000000000f57e
RIP=0x00007fff84632fc9, EFLAGS=0x0000000000010206, ERR=0x0000000000000004
  TRAPNO=0x000000000000000e

Top of Stack: (sp=0x00000001311b6b80)
0x00000001311b6b80:   00000001311b6bf0 000000010f905086
0x00000001311b6b90:   0000007e311b81d8 00000000000000f5
0x00000001311b6ba0:   000000000000c246 00007fc6b4996200
0x00000001311b6bb0:   0000000000001900 00007fc6b5332000
0x00000001311b6bc0:   00007fc6bd0e7470 00007fc6b5332000
0x00000001311b6bd0:   00007fc6b53328c0 0000000000000090
0x00000001311b6be0:   0000000096aaca52 00007fc6bd00b370
0x00000001311b6bf0:   00000001311b6c50 000000010f905554
0x00000001311b6c00:   00000001311b6c9a 00000001311b6c99
0x00000001311b6c10:   0000002a00000000 0000002b01e1a800
0x00000001311b6c20:   00000001311b6c6e 00000001311b70b8
0x00000001311b6c30:   000000000000002b 00000001311b6c6e
0x00000001311b6c40:   00007fc6b5332000 00007fc6bbe1a9f8
0x00000001311b6c50:   00000001311b70a0 000000010f90434f
0x00000001311b6c60:   0000000128a8e440 6f637fc600000001
0x00000001311b6c70:   726f632f77742f6d 6f72746e6f632f65
0x00000001311b6c80:   6573552f72656c6c 6c6f72746e6f4372
0x00000001311b6c90:   73616c632e72656c 0000000131000073
0x00000001311b6ca0:   00007fc6b526ac88 00007fc6b526ac80
0x00000001311b6cb0:   00000001311b6e40 000000010eb06f05
0x00000001311b6cc0:   00007fc6bbe1a800 00007fff8a9d353e
0x00000001311b6cd0:   000000010d702a00 0000000000000003
0x00000001311b6ce0:   000000010d6ff000 00007fc6b2e07310
0x00000001311b6cf0:   000000010f007100 000000000000006b
0x00000001311b6d00:   00000001311b6df0 00007fff8a9d1ec3
0x00000001311b6d10:   00000001311b6d90 000000010ecc89c4
0x00000001311b6d20:   00000001311b7340 00007fc6bbe1a800
0x00000001311b6d30:   000000010d702a00 0000000128a8f840
0x00000001311b6d40:   00007fc6bbe1a800 00007fc6bd1d6e00
0x00000001311b6d50:   00007fc6bd1d6e10 0000000000001400
0x00000001311b6d60:   00000001311b6da0 0000000128a8f840
0x00000001311b6d70:   0000000000001002 000000010d703e00 

Instructions: (pc=0x00007fff84632fc9)
0x00007fff84632fa9:   f3 48 89 f8 49 39 d3 72 1b 48 83 fa 60 76 2f 48
0x00007fff84632fb9:   81 fa 00 40 00 00 0f 82 bb 00 00 00 48 89 d1 fc
0x00007fff84632fc9:   f3 a4 5d c3 48 39 fe 74 f9 48 01 d6 48 01 d7 48
0x00007fff84632fd9:   83 fa 60 0f 82 5c 01 00 00 e9 79 01 00 00 48 83 

Register to memory mapping:

RAX=0x00007fc6b4d6e402 is an unknown value
RBX=0x000000012d84b999 is an unknown value
RCX=0x0000000000003845 is an unknown value
RDX=0x000000000000f57e is an unknown value
RSP=0x00000001311b6b80 is pointing into the stack for thread: 0x00007fc6bbe1a800
RBP=0x00000001311b6b80 is pointing into the stack for thread: 0x00007fc6bbe1a800
RSI=0x000000012d859000 is an unknown value
RDI=0x00007fc6b4d7a13b is an unknown value
R8 =0x0000000000000000 is an unknown value
R9 =0x0000000000000005 is an unknown value
R10=0x0000000068142c92 is an unknown value
R11=0x00007fc58752113b is an unknown value
R12=0x000000000a031402 is an unknown value
R13=0x000000002b000010 is an unknown value
R14=0x0000000008080000 is an unknown value
R15=0x000000000000f57e is an unknown value


Stack: [0x00000001310ba000,0x00000001311ba000],  sp=0x00000001311b6b80,  free space=1010k
Native frames: (J=compiled Java code, j=interpreted, Vv=VM code, C=native code)
C  [libsystem_platform.dylib+0x4fc9]  _platform_memmove$VARIANT$Unknown+0x29
C  [libzip.dylib+0x3086]  newEntry+0x321
C  [libzip.dylib+0x3554]  ZIP_GetEntry2+0xd4
C  [libzip.dylib+0x234f]  Java_java_util_zip_ZipFile_getEntry+0xcf
J 132  java.util.zip.ZipFile.getEntry(J[BZ)J (0 bytes) @ 0x000000010fa5ad8e [0x000000010fa5acc0+0xce]
J 4122 C2 java.util.jar.JarFile.getEntry(Ljava/lang/String;)Ljava/util/zip/ZipEntry; (22 bytes) @ 0x000000010fa5b6ec [0x000000010fa5b340+0x3ac]

Java frames: (J=compiled Java code, j=interpreted, Vv=VM code)
J 132  java.util.zip.ZipFile.getEntry(J[BZ)J (0 bytes) @ 0x000000010fa5ad18 [0x000000010fa5acc0+0x58]
J 4122 C2 java.util.jar.JarFile.getEntry(Ljava/lang/String;)Ljava/util/zip/ZipEntry; (22 bytes) @ 0x000000010fa5b6ec [0x000000010fa5b340+0x3ac]
J 1545 C2 sun.misc.URLClassPath$JarLoader.getResource(Ljava/lang/String;Z)Lsun/misc/Resource; (85 bytes) @ 0x000000010fe38214 [0x000000010fe380a0+0x174]
J 2845 C2 sun.misc.URLClassPath$JarLoader.findResource(Ljava/lang/String;Z)Ljava/net/URL; (18 bytes) @ 0x000000011049921c [0x00000001104991e0+0x3c]
J 4007 C1 sun.misc.URLClassPath.findResource(Ljava/lang/String;Z)Ljava/net/URL; (47 bytes) @ 0x00000001108c6c9c [0x00000001108c6b40+0x15c]
J 4624 C1 java.net.URLClassLoader$2.run()Ljava/lang/Object; (5 bytes) @ 0x0000000110087b5c [0x0000000110087a40+0x11c]
v  ~StubRoutines::call_stub
J 4529  java.security.AccessController.doPrivileged(Ljava/security/PrivilegedAction;Ljava/security/AccessControlContext;)Ljava/lang/Object; (0 bytes) @ 0x000000011065ee23 [0x000000011065edc0+0x63]
J 4234 C1 java.net.URLClassLoader.findResource(Ljava/lang/String;)Ljava/net/URL; (37 bytes) @ 0x0000000110947d5c [0x0000000110947bc0+0x19c]
j  org.mortbay.jetty.webapp.WebAppClassLoader.getResource(Ljava/lang/String;)Ljava/net/URL;+46
j  java.net.URLClassLoader.getResourceAsStream(Ljava/lang/String;)Ljava/io/InputStream;+2
j  java.lang.Class.getResourceAsStream(Ljava/lang/String;)Ljava/io/InputStream;+22
j  org.springframework.core.LocalVariableTableParameterNameDiscoverer.inspectClass(Ljava/lang/Class;)Ljava/util/Map;+5
j  org.springframework.core.LocalVariableTableParameterNameDiscoverer.getParameterNames(Ljava/lang/reflect/Method;)[Ljava/lang/String;+32
j  org.springframework.core.PrioritizedParameterNameDiscoverer.getParameterNames(Ljava/lang/reflect/Method;)[Ljava/lang/String;+31
j  org.springframework.core.MethodParameter.getParameterName()Ljava/lang/String;+21
j  org.springframework.web.method.annotation.AbstractNamedValueMethodArgumentResolver.updateNamedValueInfo(Lorg/springframework/core/MethodParameter;Lorg/springframework/web/method/annotation/AbstractNamedValueMethodArgumentResolver$NamedValueInfo;)Lorg/springframework/web/method/annotation/AbstractNamedValueMethodArgumentResolver$NamedValueInfo;+16
j  org.springframework.web.method.annotation.AbstractNamedValueMethodArgumentResolver.getNamedValueInfo(Lorg/springframework/core/MethodParameter;)Lorg/springframework/web/method/annotation/AbstractNamedValueMethodArgumentResolver$NamedValueInfo;+27
j  org.springframework.web.method.annotation.AbstractNamedValueMethodArgumentResolver.resolveArgument(Lorg/springframework/core/MethodParameter;Lorg/springframework/web/method/support/ModelAndViewContainer;Lorg/springframework/web/context/request/NativeWebRequest;Lorg/springframework/web/bind/support/WebDataBinderFactory;)Ljava/lang/Object;+8
j  org.springframework.web.method.support.HandlerMethodArgumentResolverComposite.resolveArgument(Lorg/springframework/core/MethodParameter;Lorg/springframework/web/method/support/ModelAndViewContainer;Lorg/springframework/web/context/request/NativeWebRequest;Lorg/springframework/web/bind/support/WebDataBinderFactory;)Ljava/lang/Object;+49
j  org.springframework.web.method.support.InvocableHandlerMethod.getMethodArgumentValues(Lorg/springframework/web/context/request/NativeWebRequest;Lorg/springframework/web/method/support/ModelAndViewContainer;[Ljava/lang/Object;)[Ljava/lang/Object;+105
j  org.springframework.web.method.support.InvocableHandlerMethod.invokeForRequest(Lorg/springframework/web/context/request/NativeWebRequest;Lorg/springframework/web/method/support/ModelAndViewContainer;[Ljava/lang/Object;)Ljava/lang/Object;+4
j  org.springframework.web.servlet.mvc.method.annotation.ServletInvocableHandlerMethod.invokeAndHandle(Lorg/springframework/web/context/request/ServletWebRequest;Lorg/springframework/web/method/support/ModelAndViewContainer;[Ljava/lang/Object;)V+4
j  org.springframework.web.servlet.mvc.method.annotation.RequestMappingHandlerAdapter.invokeHandleMethod(Ljavax/servlet/http/HttpServletRequest;Ljavax/servlet/http/HttpServletResponse;Lorg/springframework/web/method/HandlerMethod;)Lorg/springframework/web/servlet/ModelAndView;+230
j  org.springframework.web.servlet.mvc.method.annotation.RequestMappingHandlerAdapter.handleInternal(Ljavax/servlet/http/HttpServletRequest;Ljavax/servlet/http/HttpServletResponse;Lorg/springframework/web/method/HandlerMethod;)Lorg/springframework/web/servlet/ModelAndView;+89
j  org.springframework.web.servlet.mvc.method.AbstractHandlerMethodAdapter.handle(Ljavax/servlet/http/HttpServletRequest;Ljavax/servlet/http/HttpServletResponse;Ljava/lang/Object;)Lorg/springframework/web/servlet/ModelAndView;+7
j  org.springframework.web.servlet.DispatcherServlet.doDispatch(Ljavax/servlet/http/HttpServletRequest;Ljavax/servlet/http/HttpServletResponse;)V+318
j  org.springframework.web.servlet.DispatcherServlet.doService(Ljavax/servlet/http/HttpServletRequest;Ljavax/servlet/http/HttpServletResponse;)V+301
j  org.springframework.web.servlet.FrameworkServlet.processRequest(Ljavax/servlet/http/HttpServletRequest;Ljavax/servlet/http/HttpServletResponse;)V+71
j  org.springframework.web.servlet.FrameworkServlet.doPost(Ljavax/servlet/http/HttpServletRequest;Ljavax/servlet/http/HttpServletResponse;)V+3
j  javax.servlet.http.HttpServlet.service(Ljavax/servlet/http/HttpServletRequest;Ljavax/servlet/http/HttpServletResponse;)V+139
j  org.springframework.web.servlet.FrameworkServlet.service(Ljavax/servlet/http/HttpServletRequest;Ljavax/servlet/http/HttpServletResponse;)V+32
j  javax.servlet.http.HttpServlet.service(Ljavax/servlet/ServletRequest;Ljavax/servlet/ServletResponse;)V+30
j  org.mortbay.jetty.servlet.ServletHolder.handle(Ljavax/servlet/ServletRequest;Ljavax/servlet/ServletResponse;)V+176
j  org.mortbay.jetty.servlet.ServletHandler.handle(Ljava/lang/String;Ljavax/servlet/http/HttpServletRequest;Ljavax/servlet/http/HttpServletResponse;I)V+477
j  org.mortbay.jetty.security.SecurityHandler.handle(Ljava/lang/String;Ljavax/servlet/http/HttpServletRequest;Ljavax/servlet/http/HttpServletResponse;I)V+206
j  org.mortbay.jetty.servlet.SessionHandler.handle(Ljava/lang/String;Ljavax/servlet/http/HttpServletRequest;Ljavax/servlet/http/HttpServletResponse;I)V+225
j  org.mortbay.jetty.handler.ContextHandler.handle(Ljava/lang/String;Ljavax/servlet/http/HttpServletRequest;Ljavax/servlet/http/HttpServletResponse;I)V+721
j  org.mortbay.jetty.webapp.WebAppContext.handle(Ljava/lang/String;Ljavax/servlet/http/HttpServletRequest;Ljavax/servlet/http/HttpServletResponse;I)V+25
j  org.mortbay.jetty.handler.ContextHandlerCollection.handle(Ljava/lang/String;Ljavax/servlet/http/HttpServletRequest;Ljavax/servlet/http/HttpServletResponse;I)V+373
j  org.mortbay.jetty.handler.HandlerCollection.handle(Ljava/lang/String;Ljavax/servlet/http/HttpServletRequest;Ljavax/servlet/http/HttpServletResponse;I)V+42
j  org.mortbay.jetty.handler.HandlerWrapper.handle(Ljava/lang/String;Ljavax/servlet/http/HttpServletRequest;Ljavax/servlet/http/HttpServletResponse;I)V+23
j  org.mortbay.jetty.Server.handle(Lorg/mortbay/jetty/HttpConnection;)V+110
j  org.mortbay.jetty.HttpConnection.handleRequest()V+137
j  org.mortbay.jetty.HttpConnection$RequestHandler.content(Lorg/mortbay/io/Buffer;)V+49
J 7057 C1 org.mortbay.jetty.HttpParser.parseNext()J (3654 bytes) @ 0x0000000110e59a34 [0x0000000110e4cc60+0xcdd4]
j  org.mortbay.jetty.HttpParser.parseAvailable()J+44
j  org.mortbay.jetty.HttpConnection.handle()V+122
j  org.mortbay.io.nio.SelectChannelEndPoint.run()V+4
j  org.mortbay.thread.QueuedThreadPool$PoolThread.run()V+25
v  ~StubRoutines::call_stub

---------------  P R O C E S S  ---------------

Java Threads: ( => current thread )
=>0x00007fc6bbe1a800 JavaThread "1711143947@qtp-183521033-8" [_thread_in_native, id=27411, stack(0x00000001310ba000,0x00000001311ba000)]
  0x00007fc6bacba800 JavaThread "pool-1-thread-1" [_thread_blocked, id=27143, stack(0x000000013199a000,0x0000000131a9a000)]
  0x00007fc6b4feb800 JavaThread "Abandoned connection cleanup thread" daemon [_thread_blocked, id=25347, stack(0x000000012e766000,0x000000012e866000)]
  0x00007fc6bac38000 JavaThread "Timer-0" daemon [_thread_blocked, id=24835, stack(0x00000001303b1000,0x00000001304b1000)]
  0x00007fc6b4283800 JavaThread "1741783268@qtp-183521033-1 - Acceptor0 SelectChannelConnector@0.0.0.0:8080" [_thread_in_native, id=24323, stack(0x00000001302ae000,0x00000001303ae000)]
  0x00007fc6b3ff3800 JavaThread "File lock request listener" [_thread_in_native, id=23299, stack(0x000000013090e000,0x0000000130a0e000)]
  0x00007fc6b4808000 JavaThread "Service Thread" daemon [_thread_blocked, id=21763, stack(0x000000012d446000,0x000000012d546000)]
  0x00007fc6b402a000 JavaThread "C1 CompilerThread3" daemon [_thread_blocked, id=21251, stack(0x000000012d343000,0x000000012d443000)]
  0x00007fc6b3049800 JavaThread "C2 CompilerThread2" daemon [_thread_blocked, id=20739, stack(0x000000012d240000,0x000000012d340000)]
  0x00007fc6b3855000 JavaThread "C2 CompilerThread1" daemon [_thread_blocked, id=20227, stack(0x000000012d13d000,0x000000012d23d000)]
  0x00007fc6b3853000 JavaThread "C2 CompilerThread0" daemon [_thread_blocked, id=19715, stack(0x000000012d03a000,0x000000012d13a000)]
  0x00007fc6b4026800 JavaThread "JDWP Event Helper Thread" daemon [_thread_blocked, id=19203, stack(0x000000012cf37000,0x000000012d037000)]
  0x00007fc6b3852800 JavaThread "JDWP Transport Listener: dt_socket" daemon [_thread_in_native, id=18691, stack(0x000000012ce34000,0x000000012cf34000)]
  0x00007fc6b3845800 JavaThread "Signal Dispatcher" daemon [_thread_blocked, id=18207, stack(0x000000012cd2a000,0x000000012ce2a000)]
  0x00007fc6b4803000 JavaThread "Finalizer" daemon [_thread_blocked, id=13571, stack(0x000000012b3e0000,0x000000012b4e0000)]
  0x00007fc6b4802800 JavaThread "Reference Handler" daemon [_thread_blocked, id=13059, stack(0x000000012b2dd000,0x000000012b3dd000)]
  0x00007fc6b4002800 JavaThread "main" [_thread_blocked, id=3591, stack(0x000000010f76a000,0x000000010f86a000)]

Other Threads:
  0x00007fc6b4025800 VMThread [stack: 0x000000012b1da000,0x000000012b2da000] [id=12547]
  0x00007fc6b4808800 WatcherThread [stack: 0x000000012d549000,0x000000012d649000] [id=22275]

VM state:not at safepoint (normal execution)

VM Mutex/Monitor currently owned by a thread: None

Heap:
 PSYoungGen      total 342016K, used 82719K [0x000000076ab00000, 0x000000078a480000, 0x00000007c0000000)
  eden space 315392K, 26% used [0x000000076ab00000,0x000000076fbc7f10,0x000000077df00000)
  from space 26624K, 0% used [0x000000077df00000,0x000000077df00000,0x000000077f900000)
  to   space 30208K, 0% used [0x0000000788700000,0x0000000788700000,0x000000078a480000)
 ParOldGen       total 242176K, used 44431K [0x00000006c0000000, 0x00000006cec80000, 0x000000076ab00000)
  object space 242176K, 18% used [0x00000006c0000000,0x00000006c2b63ca8,0x00000006cec80000)
 Metaspace       used 63102K, capacity 64608K, committed 64856K, reserved 1105920K
  class space    used 8385K, capacity 8828K, committed 8832K, reserved 1048576K

Card table byte_map: [0x000000011eccb000,0x000000011f4cc000] byte_map_base: 0x000000011b6cb000

Marking Bits: (ParMarkBitMap*) 0x000000010f0c27a0
 Begin Bits: [0x000000012023a000, 0x000000012423a000)
 End Bits:   [0x000000012423a000, 0x000000012823a000)

Polling page: 0x000000010d7fa000

CodeCache: size=245760Kb used=21903Kb max_used=21917Kb free=223856Kb
 bounds [0x000000010f90b000, 0x0000000110e9b000, 0x000000011e90b000]
 total_blobs=6794 nmethods=5984 adapters=730
 compilation: enabled

Compilation events (10 events):
Event: 533.717 Thread 0x00007fc6b3853000 nmethod 7095 0x0000000110e8ee50 code [0x0000000110e8efa0, 0x0000000110e8f058]
Event: 576.415 Thread 0x00007fc6b402a000 7097       3       java.util.concurrent.locks.ReentrantLock$Sync::isHeldExclusively (16 bytes)
Event: 576.415 Thread 0x00007fc6b402a000 nmethod 7097 0x0000000110e8e9d0 code [0x0000000110e8eb40, 0x0000000110e8edb0]
Event: 576.415 Thread 0x00007fc6b402a000 7096       1       java.util.concurrent.atomic.AtomicInteger::get (5 bytes)
Event: 576.416 Thread 0x00007fc6b402a000 nmethod 7096 0x000000010fa67a10 code [0x000000010fa67b60, 0x000000010fa67c70]
Event: 588.184 Thread 0x00007fc6b3049800 7098   !   4       java.lang.ref.ReferenceQueue::remove (125 bytes)
Event: 588.191 Thread 0x00007fc6b3049800 nmethod 7098 0x0000000110e8c7d0 code [0x0000000110e8c960, 0x0000000110e8d228]
Event: 607.408 Thread 0x00007fc6b402a000 7099       1       org.mortbay.jetty.servlet.ServletHandler::getServletContext (5 bytes)
Event: 607.409 Thread 0x00007fc6b402a000 nmethod 7099 0x000000010fb8e450 code [0x000000010fb8e5a0, 0x000000010fb8e6b0]
Event: 627.435 Thread 0x00007fc6b402a000 7100       1       org.springframework.web.method.annotation.AbstractNamedValueMethodArgumentResolver$NamedValueInfo::access$000 (5 bytes)

GC Heap History (10 events):
Event: 3.446 GC heap before
{Heap before GC invocations=6 (full 1):
 PSYoungGen      total 217600K, used 112712K [0x000000076ab00000, 0x000000077c000000, 0x00000007c0000000)
  eden space 206848K, 49% used [0x000000076ab00000,0x0000000770e93668,0x0000000777500000)
  from space 10752K, 99% used [0x000000077b580000,0x000000077bffeab8,0x000000077c000000)
  to   space 10752K, 0% used [0x000000077ab00000,0x000000077ab00000,0x000000077b580000)
 ParOldGen       total 99328K, used 10046K [0x00000006c0000000, 0x00000006c6100000, 0x000000076ab00000)
  object space 99328K, 10% used [0x00000006c0000000,0x00000006c09cfb18,0x00000006c6100000)
 Metaspace       used 34255K, capacity 35264K, committed 35456K, reserved 1079296K
  class space    used 4759K, capacity 5153K, committed 5248K, reserved 1048576K
Event: 3.458 GC heap after
Heap after GC invocations=6 (full 1):
 PSYoungGen      total 272896K, used 10740K [0x000000076ab00000, 0x0000000780b80000, 0x00000007c0000000)
  eden space 262144K, 0% used [0x000000076ab00000,0x000000076ab00000,0x000000077ab00000)
  from space 10752K, 99% used [0x000000077ab00000,0x000000077b57d020,0x000000077b580000)
  to   space 18944K, 0% used [0x000000077f900000,0x000000077f900000,0x0000000780b80000)
 ParOldGen       total 99328K, used 17146K [0x00000006c0000000, 0x00000006c6100000, 0x000000076ab00000)
  object space 99328K, 17% used [0x00000006c0000000,0x00000006c10beb80,0x00000006c6100000)
 Metaspace       used 34255K, capacity 35264K, committed 35456K, reserved 1079296K
  class space    used 4759K, capacity 5153K, committed 5248K, reserved 1048576K
}
Event: 3.458 GC heap before
{Heap before GC invocations=7 (full 2):
 PSYoungGen      total 272896K, used 10740K [0x000000076ab00000, 0x0000000780b80000, 0x00000007c0000000)
  eden space 262144K, 0% used [0x000000076ab00000,0x000000076ab00000,0x000000077ab00000)
  from space 10752K, 99% used [0x000000077ab00000,0x000000077b57d020,0x000000077b580000)
  to   space 18944K, 0% used [0x000000077f900000,0x000000077f900000,0x0000000780b80000)
 ParOldGen       total 99328K, used 17146K [0x00000006c0000000, 0x00000006c6100000, 0x000000076ab00000)
  object space 99328K, 17% used [0x00000006c0000000,0x00000006c10beb80,0x00000006c6100000)
 Metaspace       used 34255K, capacity 35264K, committed 35456K, reserved 1079296K
  class space    used 4759K, capacity 5153K, committed 5248K, reserved 1048576K
Event: 3.508 GC heap after
Heap after GC invocations=7 (full 2):
 PSYoungGen      total 272896K, used 0K [0x000000076ab00000, 0x0000000780b80000, 0x00000007c0000000)
  eden space 262144K, 0% used [0x000000076ab00000,0x000000076ab00000,0x000000077ab00000)
  from space 10752K, 0% used [0x000000077ab00000,0x000000077ab00000,0x000000077b580000)
  to   space 18944K, 0% used [0x000000077f900000,0x000000077f900000,0x0000000780b80000)
 ParOldGen       total 168448K, used 24496K [0x00000006c0000000, 0x00000006ca480000, 0x000000076ab00000)
  object space 168448K, 14% used [0x00000006c0000000,0x00000006c17ec048,0x00000006ca480000)
 Metaspace       used 34255K, capacity 35264K, committed 35456K, reserved 1079296K
  class space    used 4759K, capacity 5153K, committed 5248K, reserved 1048576K
}
Event: 5.871 GC heap before
{Heap before GC invocations=8 (full 2):
 PSYoungGen      total 272896K, used 262140K [0x000000076ab00000, 0x0000000780b80000, 0x00000007c0000000)
  eden space 262144K, 99% used [0x000000076ab00000,0x000000077aaff2e0,0x000000077ab00000)
  from space 10752K, 0% used [0x000000077ab00000,0x000000077ab00000,0x000000077b580000)
  to   space 18944K, 0% used [0x000000077f900000,0x000000077f900000,0x0000000780b80000)
 ParOldGen       total 168448K, used 24496K [0x00000006c0000000, 0x00000006ca480000, 0x000000076ab00000)
  object space 168448K, 14% used [0x00000006c0000000,0x00000006c17ec048,0x00000006ca480000)
 Metaspace       used 48665K, capacity 49910K, committed 50304K, reserved 1093632K
  class space    used 6573K, capacity 7026K, committed 7040K, reserved 1048576K
Event: 5.891 GC heap after
Heap after GC invocations=8 (full 2):
 PSYoungGen      total 334336K, used 18933K [0x000000076ab00000, 0x0000000785100000, 0x00000007c0000000)
  eden space 315392K, 0% used [0x000000076ab00000,0x000000076ab00000,0x000000077df00000)
  from space 18944K, 99% used [0x000000077f900000,0x0000000780b7d4c0,0x0000000780b80000)
  to   space 26624K, 0% used [0x000000077df00000,0x000000077df00000,0x000000077f900000)
 ParOldGen       total 168448K, used 33268K [0x00000006c0000000, 0x00000006ca480000, 0x000000076ab00000)
  object space 168448K, 19% used [0x00000006c0000000,0x00000006c207d2d0,0x00000006ca480000)
 Metaspace       used 48665K, capacity 49910K, committed 50304K, reserved 1093632K
  class space    used 6573K, capacity 7026K, committed 7040K, reserved 1048576K
}
Event: 6.646 GC heap before
{Heap before GC invocations=9 (full 2):
 PSYoungGen      total 334336K, used 90438K [0x000000076ab00000, 0x0000000785100000, 0x00000007c0000000)
  eden space 315392K, 22% used [0x000000076ab00000,0x000000076f0d4708,0x000000077df00000)
  from space 18944K, 99% used [0x000000077f900000,0x0000000780b7d4c0,0x0000000780b80000)
  to   space 26624K, 0% used [0x000000077df00000,0x000000077df00000,0x000000077f900000)
 ParOldGen       total 168448K, used 33268K [0x00000006c0000000, 0x00000006ca480000, 0x000000076ab00000)
  object space 168448K, 19% used [0x00000006c0000000,0x00000006c207d2d0,0x00000006ca480000)
 Metaspace       used 57519K, capacity 58812K, committed 59096K, reserved 1099776K
  class space    used 7774K, capacity 8179K, committed 8192K, reserved 1048576K
Event: 6.661 GC heap after
Heap after GC invocations=9 (full 2):
 PSYoungGen      total 342016K, used 25251K [0x000000076ab00000, 0x000000078a480000, 0x00000007c0000000)
  eden space 315392K, 0% used [0x000000076ab00000,0x000000076ab00000,0x000000077df00000)
  from space 26624K, 94% used [0x000000077df00000,0x000000077f7a8e00,0x000000077f900000)
  to   space 30208K, 0% used [0x0000000788700000,0x0000000788700000,0x000000078a480000)
 ParOldGen       total 168448K, used 33276K [0x00000006c0000000, 0x00000006ca480000, 0x000000076ab00000)
  object space 168448K, 19% used [0x00000006c0000000,0x00000006c207f2d0,0x00000006ca480000)
 Metaspace       used 57519K, capacity 58812K, committed 59096K, reserved 1099776K
  class space    used 7774K, capacity 8179K, committed 8192K, reserved 1048576K
}
Event: 6.661 GC heap before
{Heap before GC invocations=10 (full 3):
 PSYoungGen      total 342016K, used 25251K [0x000000076ab00000, 0x000000078a480000, 0x00000007c0000000)
  eden space 315392K, 0% used [0x000000076ab00000,0x000000076ab00000,0x000000077df00000)
  from space 26624K, 94% used [0x000000077df00000,0x000000077f7a8e00,0x000000077f900000)
  to   space 30208K, 0% used [0x0000000788700000,0x0000000788700000,0x000000078a480000)
 ParOldGen       total 168448K, used 33276K [0x00000006c0000000, 0x00000006ca480000, 0x000000076ab00000)
  object space 168448K, 19% used [0x00000006c0000000,0x00000006c207f2d0,0x00000006ca480000)
 Metaspace       used 57519K, capacity 58812K, committed 59096K, reserved 1099776K
  class space    used 7774K, capacity 8179K, committed 8192K, reserved 1048576K
Event: 6.808 GC heap after
Heap after GC invocations=10 (full 3):
 PSYoungGen      total 342016K, used 0K [0x000000076ab00000, 0x000000078a480000, 0x00000007c0000000)
  eden space 315392K, 0% used [0x000000076ab00000,0x000000076ab00000,0x000000077df00000)
  from space 26624K, 0% used [0x000000077df00000,0x000000077df00000,0x000000077f900000)
  to   space 30208K, 0% used [0x0000000788700000,0x0000000788700000,0x000000078a480000)
 ParOldGen       total 242176K, used 44431K [0x00000006c0000000, 0x00000006cec80000, 0x000000076ab00000)
  object space 242176K, 18% used [0x00000006c0000000,0x00000006c2b63ca8,0x00000006cec80000)
 Metaspace       used 57519K, capacity 58812K, committed 59096K, reserved 1099776K
  class space    used 7774K, capacity 8179K, committed 8192K, reserved 1048576K
}

Deoptimization events (10 events):
Event: 12.360 Thread 0x00007fc6b3e6d800 Uncommon trap: reason=unstable_if action=reinterpret pc=0x00000001108c8bec method=java.lang.CharacterDataLatin1.isWhitespace(I)Z @ 14
Event: 12.360 Thread 0x00007fc6b3e6d800 Uncommon trap: reason=unstable_if action=reinterpret pc=0x000000010fd19f84 method=java.lang.CharacterDataLatin1.isWhitespace(I)Z @ 14
Event: 12.388 Thread 0x00007fc6b3e6d800 Uncommon trap: reason=class_check action=maybe_recompile pc=0x000000010fab9be8 method=java.lang.String.equals(Ljava/lang/Object;)Z @ 8
Event: 12.388 Thread 0x00007fc6b3e6d800 Uncommon trap: reason=class_check action=maybe_recompile pc=0x000000010fab9be8 method=java.lang.String.equals(Ljava/lang/Object;)Z @ 8
Event: 31.529 Thread 0x00007fc6b3e6d800 Uncommon trap: reason=class_check action=maybe_recompile pc=0x0000000110a858cc method=java.net.URLClassLoader.defineClass(Ljava/lang/String;Lsun/misc/Resource;)Ljava/lang/Class; @ 34
Event: 422.014 Thread 0x00007fc6bb035800 Uncommon trap: reason=unstable_if action=reinterpret pc=0x000000010fdecdf8 method=ch.qos.logback.classic.Level.isGreaterOrEqual(Lch/qos/logback/classic/Level;)Z @ 8
Event: 422.022 Thread 0x00007fc6bb035800 Uncommon trap: reason=unstable_if action=reinterpret pc=0x000000011050d87c method=org.gradle.logging.internal.AbstractLineChoppingStyledTextOutput.doAppend(Ljava/lang/String;)V @ 126
Event: 442.613 Thread 0x00007fc6bb035800 Uncommon trap: reason=unstable_if action=reinterpret pc=0x000000010fbb26c0 method=sun.util.calendar.BaseCalendar.getCalendarDateFromFixedDate(Lsun/util/calendar/CalendarDate;J)V @ 74
Event: 607.407 Thread 0x00007fc6bbe1a800 Uncommon trap: reason=bimorphic action=maybe_recompile pc=0x0000000110c7fb74 method=java.util.HashMap.removeNode(ILjava/lang/Object;Ljava/lang/Object;ZZ)Ljava/util/HashMap$Node; @ 283
Event: 607.407 Thread 0x00007fc6bbe1a800 Uncommon trap: reason=class_check action=maybe_recompile pc=0x0000000110a858cc method=java.net.URLClassLoader.defineClass(Ljava/lang/String;Lsun/misc/Resource;)Ljava/lang/Class; @ 34

Internal exceptions (10 events):
Event: 7.211 Thread 0x00007fc6b4099000 Exception <a 'java/lang/ClassNotFoundException': com/tw/core/entity/CourseBeanInfo> (0x000000076d70ba48) thrown at [/Users/java_re/workspace/8-2-build-macosx-x86_64/jdk8u40/3153/hotspot/src/share/vm/classfile/systemDictionary.cpp, line 210]
Event: 7.212 Thread 0x00007fc6b4099000 Exception <a 'java/lang/ClassNotFoundException': com/tw/core/entity/CourseCustomizer> (0x000000076d7342a8) thrown at [/Users/java_re/workspace/8-2-build-macosx-x86_64/jdk8u40/3153/hotspot/src/share/vm/classfile/systemDictionary.cpp, line 210]
Event: 7.212 Thread 0x00007fc6b4099000 Exception <a 'java/lang/ClassNotFoundException': com/tw/core/entity/Course_$$_jvst22_1Customizer> (0x000000076d777f88) thrown at [/Users/java_re/workspace/8-2-build-macosx-x86_64/jdk8u40/3153/hotspot/src/share/vm/classfile/systemDictionary.cpp, line 210]
Event: 12.357 Thread 0x00007fc6b3e6d800 Exception <a 'java/lang/ClassCastException': org.slf4j.impl.SimpleLogger cannot be cast to org.slf4j.spi.LocationAwareLogger> (0x000000076dc47f80) thrown at [/Users/java_re/workspace/8-2-build-macosx-x86_64/jdk8u40/3153/hotspot/src/share/vm/interpreter/in
Event: 12.369 Thread 0x00007fc6b3e6d800 Exception <a 'java/lang/ClassCastException': org.slf4j.impl.SimpleLogger cannot be cast to org.slf4j.spi.LocationAwareLogger> (0x000000076dd204c0) thrown at [/Users/java_re/workspace/8-2-build-macosx-x86_64/jdk8u40/3153/hotspot/src/share/vm/interpreter/in
Event: 422.012 Thread 0x00007fc6bb035800 Exception <a 'java/lang/reflect/InvocationTargetException'> (0x000000076ea23ff8) thrown at [/Users/java_re/workspace/8-2-build-macosx-x86_64/jdk8u40/3153/hotspot/src/share/vm/runtime/reflection.cpp, line 1080]
Event: 448.460 Thread 0x00007fc6bb035800 Exception <a 'java/lang/ClassCastException': org.slf4j.impl.SimpleLogger cannot be cast to org.slf4j.spi.LocationAwareLogger> (0x000000076ec8c630) thrown at [/Users/java_re/workspace/8-2-build-macosx-x86_64/jdk8u40/3153/hotspot/src/share/vm/interpreter/in
Event: 448.463 Thread 0x00007fc6bb035800 Exception <a 'java/lang/ClassCastException': org.slf4j.impl.SimpleLogger cannot be cast to org.slf4j.spi.LocationAwareLogger> (0x000000076ecf9d50) thrown at [/Users/java_re/workspace/8-2-build-macosx-x86_64/jdk8u40/3153/hotspot/src/share/vm/interpreter/in
Event: 448.465 Thread 0x00007fc6bb035800 Exception <a 'java/lang/ClassCastException': org.slf4j.impl.SimpleLogger cannot be cast to org.slf4j.spi.LocationAwareLogger> (0x000000076ed331f8) thrown at [/Users/java_re/workspace/8-2-build-macosx-x86_64/jdk8u40/3153/hotspot/src/share/vm/interpreter/in
Event: 448.466 Thread 0x00007fc6bb035800 Exception <a 'java/lang/ClassCastException': org.slf4j.impl.SimpleLogger cannot be cast to org.slf4j.spi.LocationAwareLogger> (0x000000076ed661b0) thrown at [/Users/java_re/workspace/8-2-build-macosx-x86_64/jdk8u40/3153/hotspot/src/share/vm/interpreter/in

Events (10 events):
Event: 607.407 Thread 0x00007fc6bbe1a800 Uncommon trap: trap_request=0xffffffde fr.pc=0x0000000110a858cc
Event: 607.407 Thread 0x00007fc6bbe1a800 DEOPT PACKING pc=0x0000000110a858cc sp=0x00000001311b6c40
Event: 607.407 Thread 0x00007fc6bbe1a800 DEOPT UNPACKING pc=0x000000010f910229 sp=0x00000001311b6bd8 mode 2
Event: 607.408 Executing VM operation: RevokeBias
Event: 607.408 Executing VM operation: RevokeBias done
Event: 607.409 Thread 0x00007fc6b402a000 flushing nmethod 0x000000010fc79a90
Event: 627.435 Thread 0x00007fc6bbe1a800 DEOPT PACKING pc=0x000000010fc9a0ac sp=0x00000001311b8310
Event: 627.435 Thread 0x00007fc6bbe1a800 DEOPT UNPACKING pc=0x000000010f952633 sp=0x00000001311b80d0 mode 1
Event: 627.435 Thread 0x00007fc6bbe1a800 DEOPT PACKING pc=0x000000011093f8b4 sp=0x00000001311b83e0
Event: 627.435 Thread 0x00007fc6bbe1a800 DEOPT UNPACKING pc=0x000000010f952633 sp=0x00000001311b8188 mode 1


Dynamic libraries:
0x0000000001463000 	/System/Library/Frameworks/Cocoa.framework/Versions/A/Cocoa
0x0000000001463000 	/System/Library/Frameworks/Security.framework/Versions/A/Security
0x0000000001463000 	/System/Library/Frameworks/ApplicationServices.framework/Versions/A/ApplicationServices
0x0000000001463000 	/usr/lib/libz.1.dylib
0x0000000001463000 	/usr/lib/libSystem.B.dylib
0x0000000001463000 	/usr/lib/libobjc.A.dylib
0x0000000001463000 	/System/Library/Frameworks/CoreFoundation.framework/Versions/A/CoreFoundation
0x0000000001463000 	/System/Library/Frameworks/Foundation.framework/Versions/C/Foundation
0x0000000001463000 	/System/Library/Frameworks/AppKit.framework/Versions/C/AppKit
0x0000000001463000 	/System/Library/Frameworks/CoreData.framework/Versions/A/CoreData
0x0000000001463000 	/System/Library/PrivateFrameworks/RemoteViewServices.framework/Versions/A/RemoteViewServices
0x0000000001463000 	/System/Library/PrivateFrameworks/UIFoundation.framework/Versions/A/UIFoundation
0x0000000001463000 	/System/Library/Frameworks/IOSurface.framework/Versions/A/IOSurface
0x0000000001463000 	/System/Library/Frameworks/AudioToolbox.framework/Versions/A/AudioToolbox
0x0000000001463000 	/System/Library/Frameworks/AudioUnit.framework/Versions/A/AudioUnit
0x0000000001463000 	/System/Library/PrivateFrameworks/DataDetectorsCore.framework/Versions/A/DataDetectorsCore
0x0000000001463000 	/System/Library/PrivateFrameworks/DesktopServicesPriv.framework/Versions/A/DesktopServicesPriv
0x0000000001463000 	/System/Library/Frameworks/Carbon.framework/Versions/A/Frameworks/HIToolbox.framework/Versions/A/HIToolbox
0x0000000001463000 	/System/Library/Frameworks/QuartzCore.framework/Versions/A/QuartzCore
0x0000000001463000 	/System/Library/Frameworks/Carbon.framework/Versions/A/Frameworks/SpeechRecognition.framework/Versions/A/SpeechRecognition
0x0000000001463000 	/usr/lib/libauto.dylib
0x0000000001463000 	/usr/lib/libicucore.A.dylib
0x0000000001463000 	/usr/lib/libxml2.2.dylib
0x0000000001463000 	/System/Library/PrivateFrameworks/CoreUI.framework/Versions/A/CoreUI
0x0000000001463000 	/System/Library/Frameworks/CoreAudio.framework/Versions/A/CoreAudio
0x0000000001463000 	/System/Library/Frameworks/DiskArbitration.framework/Versions/A/DiskArbitration
0x0000000001463000 	/usr/lib/liblangid.dylib
0x0000000001463000 	/System/Library/PrivateFrameworks/MultitouchSupport.framework/Versions/A/MultitouchSupport
0x0000000001463000 	/System/Library/Frameworks/IOKit.framework/Versions/A/IOKit
0x0000000001463000 	/usr/lib/libDiagnosticMessagesClient.dylib
0x0000000001463000 	/System/Library/Frameworks/CoreServices.framework/Versions/A/CoreServices
0x0000000001463000 	/System/Library/PrivateFrameworks/PerformanceAnalysis.framework/Versions/A/PerformanceAnalysis
0x0000000001463000 	/System/Library/PrivateFrameworks/GenerationalStorage.framework/Versions/A/GenerationalStorage
0x0000000001463000 	/System/Library/Frameworks/OpenGL.framework/Versions/A/OpenGL
0x0000000001463000 	/System/Library/PrivateFrameworks/Sharing.framework/Versions/A/Sharing
0x0000000001463000 	/System/Library/Frameworks/CoreGraphics.framework/Versions/A/CoreGraphics
0x0000000001463000 	/System/Library/Frameworks/CoreText.framework/Versions/A/CoreText
0x0000000001463000 	/System/Library/Frameworks/ImageIO.framework/Versions/A/ImageIO
0x0000000001463000 	/usr/lib/libextension.dylib
0x0000000001463000 	/System/Library/PrivateFrameworks/Backup.framework/Versions/A/Backup
0x0000000001463000 	/usr/lib/libarchive.2.dylib
0x0000000001463000 	/System/Library/Frameworks/CFNetwork.framework/Versions/A/CFNetwork
0x0000000001463000 	/System/Library/Frameworks/SystemConfiguration.framework/Versions/A/SystemConfiguration
0x0000000001463000 	/usr/lib/libCRFSuite.dylib
0x0000000001463000 	/usr/lib/libc++.1.dylib
0x0000000001463000 	/usr/lib/libc++abi.dylib
0x0000000001463000 	/usr/lib/system/libcache.dylib
0x0000000001463000 	/usr/lib/system/libcommonCrypto.dylib
0x0000000001463000 	/usr/lib/system/libcompiler_rt.dylib
0x0000000001463000 	/usr/lib/system/libcopyfile.dylib
0x0000000001463000 	/usr/lib/system/libcorecrypto.dylib
0x0000000001463000 	/usr/lib/system/libdispatch.dylib
0x0000000001463000 	/usr/lib/system/libdyld.dylib
0x0000000001463000 	/usr/lib/system/libkeymgr.dylib
0x0000000001463000 	/usr/lib/system/liblaunch.dylib
0x0000000001463000 	/usr/lib/system/libmacho.dylib
0x0000000001463000 	/usr/lib/system/libquarantine.dylib
0x0000000001463000 	/usr/lib/system/libremovefile.dylib
0x0000000001463000 	/usr/lib/system/libsystem_asl.dylib
0x0000000001463000 	/usr/lib/system/libsystem_blocks.dylib
0x0000000001463000 	/usr/lib/system/libsystem_c.dylib
0x0000000001463000 	/usr/lib/system/libsystem_configuration.dylib
0x0000000001463000 	/usr/lib/system/libsystem_coreservices.dylib
0x0000000001463000 	/usr/lib/system/libsystem_coretls.dylib
0x0000000001463000 	/usr/lib/system/libsystem_dnssd.dylib
0x0000000001463000 	/usr/lib/system/libsystem_info.dylib
0x0000000001463000 	/usr/lib/system/libsystem_kernel.dylib
0x0000000001463000 	/usr/lib/system/libsystem_m.dylib
0x0000000001463000 	/usr/lib/system/libsystem_malloc.dylib
0x0000000001463000 	/usr/lib/system/libsystem_network.dylib
0x0000000001463000 	/usr/lib/system/libsystem_networkextension.dylib
0x0000000001463000 	/usr/lib/system/libsystem_notify.dylib
0x0000000001463000 	/usr/lib/system/libsystem_platform.dylib
0x0000000001463000 	/usr/lib/system/libsystem_pthread.dylib
0x0000000001463000 	/usr/lib/system/libsystem_sandbox.dylib
0x0000000001463000 	/usr/lib/system/libsystem_secinit.dylib
0x0000000001463000 	/usr/lib/system/libsystem_stats.dylib
0x0000000001463000 	/usr/lib/system/libsystem_trace.dylib
0x0000000001463000 	/usr/lib/system/libunc.dylib
0x0000000001463000 	/usr/lib/system/libunwind.dylib
0x0000000001463000 	/usr/lib/system/libxpc.dylib
0x0000000001463000 	/usr/lib/libbz2.1.0.dylib
0x0000000001463000 	/usr/lib/liblzma.5.dylib
0x0000000001463000 	/usr/lib/libbsm.0.dylib
0x0000000001463000 	/usr/lib/libsqlite3.dylib
0x0000000001463000 	/usr/lib/system/libkxld.dylib
0x0000000001463000 	/usr/lib/libxar.1.dylib
0x0000000001463000 	/usr/lib/libpam.2.dylib
0x0000000001463000 	/usr/lib/libOpenScriptingUtil.dylib
0x0000000001463000 	/System/Library/Frameworks/CoreServices.framework/Versions/A/Frameworks/FSEvents.framework/Versions/A/FSEvents
0x0000000001463000 	/System/Library/Frameworks/CoreServices.framework/Versions/A/Frameworks/CarbonCore.framework/Versions/A/CarbonCore
0x0000000001463000 	/System/Library/Frameworks/CoreServices.framework/Versions/A/Frameworks/Metadata.framework/Versions/A/Metadata
0x0000000001463000 	/System/Library/Frameworks/CoreServices.framework/Versions/A/Frameworks/OSServices.framework/Versions/A/OSServices
0x0000000001463000 	/System/Library/Frameworks/CoreServices.framework/Versions/A/Frameworks/SearchKit.framework/Versions/A/SearchKit
0x0000000001463000 	/System/Library/Frameworks/CoreServices.framework/Versions/A/Frameworks/AE.framework/Versions/A/AE
0x0000000001463000 	/System/Library/Frameworks/CoreServices.framework/Versions/A/Frameworks/LaunchServices.framework/Versions/A/LaunchServices
0x0000000001463000 	/System/Library/Frameworks/CoreServices.framework/Versions/A/Frameworks/DictionaryServices.framework/Versions/A/DictionaryServices
0x0000000001463000 	/System/Library/Frameworks/NetFS.framework/Versions/A/NetFS
0x0000000001463000 	/System/Library/PrivateFrameworks/NetAuth.framework/Versions/A/NetAuth
0x0000000001463000 	/System/Library/PrivateFrameworks/login.framework/Versions/A/Frameworks/loginsupport.framework/Versions/A/loginsupport
0x0000000001463000 	/System/Library/PrivateFrameworks/TCC.framework/Versions/A/TCC
0x0000000001463000 	/usr/lib/libmecabra.dylib
0x0000000001463000 	/System/Library/Frameworks/ApplicationServices.framework/Versions/A/Frameworks/ATS.framework/Versions/A/ATS
0x0000000001463000 	/System/Library/Frameworks/ApplicationServices.framework/Versions/A/Frameworks/ColorSync.framework/Versions/A/ColorSync
0x0000000001463000 	/System/Library/Frameworks/ApplicationServices.framework/Versions/A/Frameworks/HIServices.framework/Versions/A/HIServices
0x0000000001463000 	/System/Library/Frameworks/ApplicationServices.framework/Versions/A/Frameworks/LangAnalysis.framework/Versions/A/LangAnalysis
0x0000000001463000 	/System/Library/Frameworks/ApplicationServices.framework/Versions/A/Frameworks/PrintCore.framework/Versions/A/PrintCore
0x0000000001463000 	/System/Library/Frameworks/ApplicationServices.framework/Versions/A/Frameworks/QD.framework/Versions/A/QD
0x0000000001463000 	/System/Library/Frameworks/ApplicationServices.framework/Versions/A/Frameworks/SpeechSynthesis.framework/Versions/A/SpeechSynthesis
0x0000000001463000 	/System/Library/Frameworks/Accelerate.framework/Versions/A/Accelerate
0x0000000001463000 	/System/Library/Frameworks/Accelerate.framework/Versions/A/Frameworks/vImage.framework/Versions/A/vImage
0x0000000001463000 	/System/Library/Frameworks/Accelerate.framework/Versions/A/Frameworks/vecLib.framework/Versions/A/vecLib
0x0000000001463000 	/System/Library/Frameworks/Accelerate.framework/Versions/A/Frameworks/vecLib.framework/Versions/A/libvDSP.dylib
0x0000000001463000 	/System/Library/Frameworks/Accelerate.framework/Versions/A/Frameworks/vecLib.framework/Versions/A/libvMisc.dylib
0x0000000001463000 	/System/Library/Frameworks/Accelerate.framework/Versions/A/Frameworks/vecLib.framework/Versions/A/libLAPACK.dylib
0x0000000001463000 	/System/Library/Frameworks/Accelerate.framework/Versions/A/Frameworks/vecLib.framework/Versions/A/libBLAS.dylib
0x0000000001463000 	/System/Library/Frameworks/Accelerate.framework/Versions/A/Frameworks/vecLib.framework/Versions/A/libLinearAlgebra.dylib
0x0000000001463000 	/System/Library/Frameworks/ApplicationServices.framework/Versions/A/Frameworks/ATS.framework/Versions/A/Resources/libFontParser.dylib
0x0000000001463000 	/System/Library/Frameworks/ApplicationServices.framework/Versions/A/Frameworks/ATS.framework/Versions/A/Resources/libFontRegistry.dylib
0x0000000001463000 	/System/Library/PrivateFrameworks/AppleVPA.framework/Versions/A/AppleVPA
0x0000000001463000 	/System/Library/PrivateFrameworks/AppleJPEG.framework/Versions/A/AppleJPEG
0x0000000001463000 	/System/Library/Frameworks/ImageIO.framework/Versions/A/Resources/libJPEG.dylib
0x0000000001463000 	/System/Library/Frameworks/ImageIO.framework/Versions/A/Resources/libTIFF.dylib
0x0000000001463000 	/System/Library/Frameworks/ImageIO.framework/Versions/A/Resources/libPng.dylib
0x0000000001463000 	/System/Library/Frameworks/ImageIO.framework/Versions/A/Resources/libGIF.dylib
0x0000000001463000 	/System/Library/Frameworks/ImageIO.framework/Versions/A/Resources/libJP2.dylib
0x0000000001463000 	/System/Library/Frameworks/ImageIO.framework/Versions/A/Resources/libRadiance.dylib
0x0000000001463000 	/System/Library/Frameworks/CoreVideo.framework/Versions/A/CoreVideo
0x0000000001463000 	/System/Library/Frameworks/OpenGL.framework/Versions/A/Libraries/libGLU.dylib
0x0000000001463000 	/System/Library/Frameworks/OpenGL.framework/Versions/A/Libraries/libGFXShared.dylib
0x0000000001463000 	/System/Library/Frameworks/OpenGL.framework/Versions/A/Libraries/libGL.dylib
0x0000000001463000 	/System/Library/Frameworks/OpenGL.framework/Versions/A/Libraries/libGLImage.dylib
0x0000000001463000 	/System/Library/Frameworks/OpenGL.framework/Versions/A/Libraries/libCVMSPluginSupport.dylib
0x0000000001463000 	/System/Library/Frameworks/OpenGL.framework/Versions/A/Libraries/libCoreVMClient.dylib
0x0000000001463000 	/usr/lib/libcups.2.dylib
0x0000000001463000 	/System/Library/Frameworks/Kerberos.framework/Versions/A/Kerberos
0x0000000001463000 	/System/Library/Frameworks/GSS.framework/Versions/A/GSS
0x0000000001463000 	/usr/lib/libresolv.9.dylib
0x0000000001463000 	/usr/lib/libiconv.2.dylib
0x0000000001463000 	/System/Library/PrivateFrameworks/Heimdal.framework/Versions/A/Heimdal
0x0000000001463000 	/usr/lib/libheimdal-asn1.dylib
0x0000000001463000 	/System/Library/Frameworks/OpenDirectory.framework/Versions/A/OpenDirectory
0x0000000001463000 	/System/Library/PrivateFrameworks/CommonAuth.framework/Versions/A/CommonAuth
0x0000000001463000 	/System/Library/Frameworks/OpenDirectory.framework/Versions/A/Frameworks/CFOpenDirectory.framework/Versions/A/CFOpenDirectory
0x0000000001463000 	/System/Library/Frameworks/SecurityFoundation.framework/Versions/A/SecurityFoundation
0x0000000001463000 	/System/Library/PrivateFrameworks/LanguageModeling.framework/Versions/A/LanguageModeling
0x0000000001463000 	/usr/lib/libcmph.dylib
0x0000000001463000 	/System/Library/Frameworks/ServiceManagement.framework/Versions/A/ServiceManagement
0x0000000001463000 	/usr/lib/libxslt.1.dylib
0x0000000001463000 	/System/Library/Frameworks/Carbon.framework/Versions/A/Frameworks/Ink.framework/Versions/A/Ink
0x0000000001463000 	/System/Library/Frameworks/QuartzCore.framework/Versions/A/Frameworks/CoreImage.framework/Versions/A/CoreImage
0x0000000001463000 	/System/Library/PrivateFrameworks/CrashReporterSupport.framework/Versions/A/CrashReporterSupport
0x0000000001463000 	/System/Library/Frameworks/OpenCL.framework/Versions/A/OpenCL
0x0000000001463000 	/System/Library/PrivateFrameworks/FaceCore.framework/Versions/A/FaceCore
0x0000000001463000 	/System/Library/PrivateFrameworks/Ubiquity.framework/Versions/A/Ubiquity
0x0000000001463000 	/System/Library/PrivateFrameworks/IconServices.framework/Versions/A/IconServices
0x0000000001463000 	/System/Library/PrivateFrameworks/ChunkingLibrary.framework/Versions/A/ChunkingLibrary
0x0000000001463000 	/System/Library/PrivateFrameworks/Apple80211.framework/Versions/A/Apple80211
0x0000000001463000 	/System/Library/Frameworks/CoreWLAN.framework/Versions/A/CoreWLAN
0x0000000001463000 	/System/Library/Frameworks/IOBluetooth.framework/Versions/A/IOBluetooth
0x0000000001463000 	/System/Library/PrivateFrameworks/CoreWiFi.framework/Versions/A/CoreWiFi
0x0000000001463000 	/System/Library/Frameworks/CoreBluetooth.framework/Versions/A/CoreBluetooth
0x0000000001463000 	/System/Library/PrivateFrameworks/DebugSymbols.framework/Versions/A/DebugSymbols
0x0000000001463000 	/System/Library/PrivateFrameworks/CoreSymbolication.framework/Versions/A/CoreSymbolication
0x0000000001463000 	/System/Library/PrivateFrameworks/Symbolication.framework/Versions/A/Symbolication
0x0000000001463000 	/System/Library/PrivateFrameworks/SpeechRecognitionCore.framework/Versions/A/SpeechRecognitionCore
0x000000010e800000 	/Library/Java/JavaVirtualMachines/jdk1.8.0_40.jdk/Contents/Home/jre/lib/server/libjvm.dylib
0x0000000001463000 	/usr/lib/libstdc++.6.dylib
0x000000010f86c000 	/Library/Java/JavaVirtualMachines/jdk1.8.0_40.jdk/Contents/Home/jre/lib/libverify.dylib
0x000000010f87a000 	/Library/Java/JavaVirtualMachines/jdk1.8.0_40.jdk/Contents/Home/jre/lib/libjava.dylib
0x000000010f8af000 	/Library/Java/JavaVirtualMachines/jdk1.8.0_40.jdk/Contents/Home/jre/lib/libjdwp.dylib
0x000000010d7fb000 	/Library/Java/JavaVirtualMachines/jdk1.8.0_40.jdk/Contents/Home/jre/lib/libnpt.dylib
0x000000010f902000 	/Library/Java/JavaVirtualMachines/jdk1.8.0_40.jdk/Contents/Home/jre/lib/libzip.dylib
0x000000012b4e2000 	/System/Library/Frameworks/JavaVM.framework/Frameworks/JavaRuntimeSupport.framework/JavaRuntimeSupport
0x000000012b4fa000 	/System/Library/Frameworks/JavaVM.framework/Versions/A/Frameworks/JavaNativeFoundation.framework/Versions/A/JavaNativeFoundation
0x000000012b50f000 	/System/Library/Frameworks/JavaVM.framework/Versions/A/JavaVM
0x0000000001463000 	/System/Library/Frameworks/Carbon.framework/Versions/A/Carbon
0x000000012b51c000 	/System/Library/PrivateFrameworks/JavaLaunching.framework/Versions/A/JavaLaunching
0x0000000001463000 	/System/Library/Frameworks/Carbon.framework/Versions/A/Frameworks/CommonPanels.framework/Versions/A/CommonPanels
0x0000000001463000 	/System/Library/Frameworks/Carbon.framework/Versions/A/Frameworks/Help.framework/Versions/A/Help
0x0000000001463000 	/System/Library/Frameworks/Carbon.framework/Versions/A/Frameworks/ImageCapture.framework/Versions/A/ImageCapture
0x0000000001463000 	/System/Library/Frameworks/Carbon.framework/Versions/A/Frameworks/OpenScripting.framework/Versions/A/OpenScripting
0x0000000001463000 	/System/Library/Frameworks/Carbon.framework/Versions/A/Frameworks/Print.framework/Versions/A/Print
0x0000000001463000 	/System/Library/Frameworks/Carbon.framework/Versions/A/Frameworks/SecurityHI.framework/Versions/A/SecurityHI
0x000000012ce2c000 	/Library/Java/JavaVirtualMachines/jdk1.8.0_40.jdk/Contents/Home/jre/lib/libdt_socket.dylib
0x000000012dab2000 	/Library/Java/JavaVirtualMachines/jdk1.8.0_40.jdk/Contents/Home/jre/lib/libnet.dylib
0x000000012dac9000 	/Library/Java/JavaVirtualMachines/jdk1.8.0_40.jdk/Contents/Home/jre/lib/libnio.dylib
0x000000012dad9000 	/Users/yzli/.gradle/native/19/osx-amd64/libnative-platform.dylib
0x000000012dade000 	/Users/yzli/.gradle/native/19/osx-amd64/libnative-platform-curses.dylib
0x0000000001463000 	/usr/lib/libncurses.5.4.dylib
0x000000012dafc000 	/private/var/folders/l2/mm36g1ns5l1fwlkwxjz04nxm0000gn/T/jna7600437410037327195.tmp
0x000000012dae7000 	/Library/Java/JavaVirtualMachines/jdk1.8.0_40.jdk/Contents/Home/jre/lib/libmanagement.dylib

VM Arguments:
jvm_args: -Xdebug -Xrunjdwp:transport=dt_socket,address=5005,server=y,suspend=n -Dorg.gradle.appname=gradle 
java_command: org.gradle.launcher.GradleMain jR
java_class_path (initial): /usr/local/Cellar/gradle/2.3/libexec/lib/gradle-launcher-2.3.jar
Launcher Type: SUN_STANDARD

Environment Variables:
PATH=/usr/local/bin:/usr/bin:/bin:/usr/sbin:/sbin
SHELL=/bin/zsh

Signal Handlers:
SIGSEGV: [libjvm.dylib+0x58ef95], sa_mask[0]=11111111011111110111111111111111, sa_flags=SA_ONSTACK|SA_RESTART|SA_SIGINFO
SIGBUS: [libjvm.dylib+0x58ef95], sa_mask[0]=11111111011111110111111111111111, sa_flags=SA_RESTART|SA_SIGINFO
SIGFPE: [libjvm.dylib+0x46c118], sa_mask[0]=11111111011111110111111111111111, sa_flags=SA_RESTART|SA_SIGINFO
SIGPIPE: [libjvm.dylib+0x46c118], sa_mask[0]=11111111011111110111111111111111, sa_flags=SA_RESTART|SA_SIGINFO
SIGXFSZ: [libjvm.dylib+0x46c118], sa_mask[0]=11111111011111110111111111111111, sa_flags=SA_RESTART|SA_SIGINFO
SIGILL: [libjvm.dylib+0x46c118], sa_mask[0]=11111111011111110111111111111111, sa_flags=SA_RESTART|SA_SIGINFO
SIGUSR1: SIG_DFL, sa_mask[0]=00000000000000000000000000000000, sa_flags=SA_RESTART
SIGUSR2: [libjvm.dylib+0x46bc36], sa_mask[0]=00000000000000000000000000000000, sa_flags=SA_RESTART|SA_SIGINFO
SIGHUP: [libjvm.dylib+0x46a209], sa_mask[0]=11111111011111110111111111111111, sa_flags=SA_RESTART|SA_SIGINFO
SIGINT: [libjvm.dylib+0x46a209], sa_mask[0]=11111111011111110111111111111111, sa_flags=SA_RESTART|SA_SIGINFO
SIGTERM: [libjvm.dylib+0x46a209], sa_mask[0]=11111111011111110111111111111111, sa_flags=SA_RESTART|SA_SIGINFO
SIGQUIT: [libjvm.dylib+0x46a209], sa_mask[0]=11111111011111110111111111111111, sa_flags=SA_RESTART|SA_SIGINFO


---------------  S Y S T E M  ---------------

OS:Bsduname:Darwin 14.1.0 Darwin Kernel Version 14.1.0: Thu Feb 26 19:26:47 PST 2015; root:xnu-2782.10.73~1/RELEASE_X86_64 x86_64
rlimit: STACK 8192k, CORE 0k, NPROC 709, NOFILE 10240, AS infinity
load average:5.65 6.46 6.31

CPU:total 8 (4 cores per cpu, 2 threads per core) family 6 model 70 stepping 1, cmov, cx8, fxsr, mmx, sse, sse2, sse3, ssse3, sse4.1, sse4.2, popcnt, avx, avx2, aes, clmul, erms, rtm, lzcnt, ht, tsc, tscinvbit, bmi1, bmi2

Memory: 4k page, physical 16777216k(2279356k free)

/proc/meminfo:


vm_info: Java HotSpot(TM) 64-Bit Server VM (25.40-b25) for bsd-amd64 JRE (1.8.0_40-b27), built on Mar 13 2015 04:46:52 by "java_re" with gcc 4.2.1 (Based on Apple Inc. build 5658) (LLVM build 2336.11.00)

time: Tue Jul 21 15:49:18 2015
elapsed time: 627 seconds (0d 0h 10m 27s)

